{"error message":"strconv.Atoi: parsing \"\": invalid syntax","level":"error","msg":"INTERNAL SERVER ERROR","status":500,"time":"2024-08-08T14:36:48+07:00"}
{"error message":"users are not found","level":"warning","msg":"NOT FOUND","status":404,"time":"2024-08-08T14:37:06+07:00"}
{"error message":"user is not found","level":"warning","msg":"NOT FOUND","status":404,"time":"2024-08-08T14:37:25+07:00"}
{"error message":"user is not found","level":"warning","msg":"NOT FOUND","status":404,"time":"2024-08-08T14:37:43+07:00"}
{"error message":"invalid character '}' looking for beginning of object key string","level":"error","msg":"INTERNAL SERVER ERROR","status":500,"time":"2024-08-08T14:37:56+07:00"}
{"error message":"invalid character '}' looking for beginning of object key string","level":"error","msg":"INTERNAL SERVER ERROR","status":500,"time":"2024-08-08T14:38:04+07:00"}
{"error message":"json: cannot unmarshal number into Go struct field UserCreateRequest.Password of type string","level":"error","msg":"INTERNAL SERVER ERROR","status":500,"time":"2024-08-08T14:38:07+07:00"}
{"level":"warning","logrus_error":"can not add field \"error message\"","msg":"BAD REQUEST","status":400,"time":"2024-08-08T14:38:21+07:00"}
{"error message":"wrong password","level":"warning","msg":"UNAUTHORIZED","status":401,"time":"2024-08-08T14:39:32+07:00"}
{"error message":"wrong password","level":"warning","msg":"UNAUTHORIZED","status":401,"time":"2024-08-08T14:41:15+07:00"}
{"error message":"username is not found","level":"warning","msg":"NOT FOUND","status":404,"time":"2024-08-08T14:41:22+07:00"}
{"level":"warning","logrus_error":"can not add field \"error message\"","msg":"BAD REQUEST","status":400,"time":"2024-08-08T14:46:47+07:00"}
{"level":"warning","logrus_error":"can not add field \"error message\"","msg":"BAD REQUEST","status":400,"time":"2024-08-08T14:46:51+07:00"}
{"error message":"invalid character '}' looking for beginning of object key string","level":"error","msg":"INTERNAL SERVER ERROR","status":500,"time":"2024-08-08T14:47:00+07:00"}
{"level":"warning","logrus_error":"can not add field \"error message\"","msg":"BAD REQUEST","status":400,"time":"2024-08-08T14:47:04+07:00"}
{"level":"warning","logrus_error":"can not add field \"error message\"","msg":"BAD REQUEST","status":400,"time":"2024-08-08T14:47:36+07:00"}
{"level":"warning","logrus_error":"can not add field \"error message\"","msg":"BAD REQUEST","status":400,"time":"2024-08-08T14:47:53+07:00"}
{"level":"warning","logrus_error":"can not add field \"error message\"","msg":"BAD REQUEST","status":400,"time":"2024-08-08T14:48:34+07:00"}
{"level":"warning","logrus_error":"can not add field \"error message\"","msg":"BAD REQUEST","status":400,"time":"2024-08-08T14:48:39+07:00"}
{"error message":"ERROR: duplicate key value violates unique constraint \"idx_users_user_name\" (SQLSTATE 23505)","level":"error","msg":"INTERNAL SERVER ERROR","status":500,"time":"2024-08-08T14:55:14+07:00"}
{"error message":"ERROR: duplicate key value violates unique constraint \"idx_users_user_name\" (SQLSTATE 23505)","level":"error","msg":"INTERNAL SERVER ERROR","status":500,"time":"2024-08-08T14:58:33+07:00"}
{"error message":"ERROR: duplicate key value violates unique constraint \"idx_users_user_name\" (SQLSTATE 23505)","level":"error","msg":"INTERNAL SERVER ERROR","status":500,"time":"2024-08-08T15:03:01+07:00"}
{"error message":"ERROR: duplicate key value violates unique constraint \"idx_users_user_name\" (SQLSTATE 23505)","level":"error","msg":"INTERNAL SERVER ERROR","status":500,"time":"2024-08-08T15:04:30+07:00"}
{"error message":"ERROR: duplicate key value violates unique constraint \"uni_users_user_name\" (SQLSTATE 23505)","level":"error","msg":"INTERNAL SERVER ERROR","status":500,"time":"2024-08-08T15:07:01+07:00"}
{"error message":"ERROR: duplicate key value violates unique constraint \"uni_users_user_name\" (SQLSTATE 23505)","level":"error","msg":"INTERNAL SERVER ERROR","status":500,"time":"2024-08-08T15:11:09+07:00"}
{"error message":"runtime error: invalid memory address or nil pointer dereference","level":"error","msg":"INTERNAL SERVER ERROR","status":500,"time":"2024-08-08T15:17:27+07:00"}
{"error message":"username already used","level":"warning","msg":"BAD REQUEST","status":400,"time":"2024-08-08T15:17:36+07:00"}
{"error message":"username already used","level":"warning","msg":"BAD REQUEST","status":400,"time":"2024-08-08T15:17:39+07:00"}
{"error message":"runtime error: invalid memory address or nil pointer dereference","level":"error","msg":"INTERNAL SERVER ERROR","status":500,"time":"2024-08-08T15:17:56+07:00"}
{"error message":"runtime error: invalid memory address or nil pointer dereference","level":"error","msg":"INTERNAL SERVER ERROR","status":500,"time":"2024-08-08T15:20:03+07:00"}
{"error message":"username already used","level":"warning","msg":"BAD REQUEST","status":400,"time":"2024-08-08T15:20:17+07:00"}
{"error message":"runtime error: invalid memory address or nil pointer dereference","level":"error","msg":"INTERNAL SERVER ERROR","status":500,"time":"2024-08-08T15:20:22+07:00"}
{"error message":"username already used","level":"warning","msg":"BAD REQUEST","status":400,"time":"2024-08-08T15:20:25+07:00"}
{"error message":"username already used","level":"warning","msg":"BAD REQUEST","status":400,"time":"2024-08-08T15:22:53+07:00"}
{"error message":"username already used","level":"warning","msg":"BAD REQUEST","status":400,"time":"2024-08-08T15:23:48+07:00"}
{"error message":"username already used","level":"warning","msg":"BAD REQUEST","status":400,"time":"2024-08-08T15:27:32+07:00"}
{"error message":"username already used","level":"warning","msg":"BAD REQUEST","status":400,"time":"2024-08-08T15:55:08+07:00"}
{"error message":"username already used","level":"warning","msg":"BAD REQUEST","status":400,"time":"2024-08-08T15:55:26+07:00"}
{"error message":"username already used","level":"warning","msg":"BAD REQUEST","status":400,"time":"2024-08-08T15:55:29+07:00"}
{"error message":"ERROR: relation \"users\" does not exist (SQLSTATE 42P01)","level":"error","msg":"INTERNAL SERVER ERROR","status":500,"time":"2024-08-08T16:12:54+07:00"}
{"error message":"ERROR: relation \"users\" does not exist (SQLSTATE 42P01)","level":"error","msg":"INTERNAL SERVER ERROR","status":500,"time":"2024-08-08T16:16:00+07:00"}
{"error message":"username already used","level":"warning","msg":"BAD REQUEST","status":400,"time":"2024-08-08T16:19:06+07:00"}
{"error message":"wrong password","level":"warning","msg":"UNAUTHORIZED","status":401,"time":"2024-08-08T16:20:10+07:00"}
{"error message":"wrong password","level":"warning","msg":"UNAUTHORIZED","status":401,"time":"2024-08-08T16:20:21+07:00"}
{"error message":"wrong password","level":"warning","msg":"UNAUTHORIZED","status":401,"time":"2024-08-08T16:21:32+07:00"}
{"error message":"ERROR: duplicate key value violates unique constraint \"idx_users_user_name\" (SQLSTATE 23505)","level":"error","msg":"INTERNAL SERVER ERROR","status":500,"time":"2024-08-08T16:27:15+07:00"}
{"error message":"ERROR: duplicate key value violates unique constraint \"idx_users_user_name\" (SQLSTATE 23505)","level":"error","msg":"INTERNAL SERVER ERROR","status":500,"time":"2024-08-08T16:28:44+07:00"}
{"error message":"username already used","level":"warning","msg":"BAD REQUEST","status":400,"time":"2024-08-08T16:29:28+07:00"}
{"error message":"username already used","level":"warning","msg":"BAD REQUEST","status":400,"time":"2024-08-08T16:29:32+07:00"}
{"level":"warning","logrus_error":"can not add field \"error message\"","msg":"BAD REQUEST","status":400,"time":"2024-08-08T16:33:12+07:00"}
{"level":"warning","logrus_error":"can not add field \"error message\"","msg":"BAD REQUEST","status":400,"time":"2024-08-08T16:35:20+07:00"}
